mode: set
github.com/dragonzurfer/trader/atmcs/entrysatisfy.go:13.43,15.40 1 1
github.com/dragonzurfer/trader/atmcs/entrysatisfy.go:19.2,20.27 2 1
github.com/dragonzurfer/trader/atmcs/entrysatisfy.go:15.40,18.3 2 0
github.com/dragonzurfer/trader/atmcs/entrysatisfy.go:23.37,27.16 4 1
github.com/dragonzurfer/trader/atmcs/entrysatisfy.go:30.2,31.12 2 1
github.com/dragonzurfer/trader/atmcs/entrysatisfy.go:27.16,29.3 1 0
github.com/dragonzurfer/trader/atmcs/entrysatisfy.go:34.36,35.41 1 1
github.com/dragonzurfer/trader/atmcs/entrysatisfy.go:38.2,41.30 4 1
github.com/dragonzurfer/trader/atmcs/entrysatisfy.go:47.2,48.27 2 1
github.com/dragonzurfer/trader/atmcs/entrysatisfy.go:35.41,37.3 1 1
github.com/dragonzurfer/trader/atmcs/entrysatisfy.go:42.15,43.37 1 1
github.com/dragonzurfer/trader/atmcs/entrysatisfy.go:44.16,45.38 1 0
github.com/dragonzurfer/trader/atmcs/entrysatisfy.go:51.72,55.16 4 1
github.com/dragonzurfer/trader/atmcs/entrysatisfy.go:58.2,59.16 2 1
github.com/dragonzurfer/trader/atmcs/entrysatisfy.go:62.2,62.50 1 1
github.com/dragonzurfer/trader/atmcs/entrysatisfy.go:65.2,65.47 1 1
github.com/dragonzurfer/trader/atmcs/entrysatisfy.go:68.2,68.55 1 1
github.com/dragonzurfer/trader/atmcs/entrysatisfy.go:55.16,57.3 1 0
github.com/dragonzurfer/trader/atmcs/entrysatisfy.go:59.16,61.3 1 0
github.com/dragonzurfer/trader/atmcs/entrysatisfy.go:62.50,64.3 1 0
github.com/dragonzurfer/trader/atmcs/entrysatisfy.go:65.47,67.3 1 0
github.com/dragonzurfer/trader/atmcs/entrysatisfy.go:71.97,75.16 4 1
github.com/dragonzurfer/trader/atmcs/entrysatisfy.go:78.2,79.24 2 1
github.com/dragonzurfer/trader/atmcs/entrysatisfy.go:75.16,77.3 1 0
github.com/dragonzurfer/trader/atmcs/entrysatisfy.go:82.99,86.16 4 1
github.com/dragonzurfer/trader/atmcs/entrysatisfy.go:89.2,90.24 2 1
github.com/dragonzurfer/trader/atmcs/entrysatisfy.go:86.16,88.3 1 0
github.com/dragonzurfer/trader/atmcs/entrysatisfy.go:97.58,98.48 1 1
github.com/dragonzurfer/trader/atmcs/entrysatisfy.go:103.2,103.14 1 1
github.com/dragonzurfer/trader/atmcs/entrysatisfy.go:98.48,99.22 1 1
github.com/dragonzurfer/trader/atmcs/entrysatisfy.go:99.22,101.4 1 0
github.com/dragonzurfer/trader/atmcs/entrysatisfy.go:106.61,108.16 2 1
github.com/dragonzurfer/trader/atmcs/entrysatisfy.go:114.2,114.70 1 1
github.com/dragonzurfer/trader/atmcs/entrysatisfy.go:118.2,121.41 2 1
github.com/dragonzurfer/trader/atmcs/entrysatisfy.go:125.2,125.13 1 1
github.com/dragonzurfer/trader/atmcs/entrysatisfy.go:108.16,111.3 2 0
github.com/dragonzurfer/trader/atmcs/entrysatisfy.go:114.70,116.3 1 0
github.com/dragonzurfer/trader/atmcs/entrysatisfy.go:121.41,123.3 1 0
github.com/dragonzurfer/trader/atmcs/entrysatisfy.go:128.88,130.50 2 1
github.com/dragonzurfer/trader/atmcs/entrysatisfy.go:133.2,133.21 1 1
github.com/dragonzurfer/trader/atmcs/entrysatisfy.go:130.50,132.3 1 0
github.com/dragonzurfer/trader/atmcs/exit.go:12.34,12.35 0 0
github.com/dragonzurfer/trader/atmcs/exit.go:14.31,15.24 1 1
github.com/dragonzurfer/trader/atmcs/exit.go:19.2,20.16 2 1
github.com/dragonzurfer/trader/atmcs/exit.go:26.2,36.28 11 1
github.com/dragonzurfer/trader/atmcs/exit.go:15.24,17.3 1 0
github.com/dragonzurfer/trader/atmcs/exit.go:20.16,23.3 2 0
github.com/dragonzurfer/trader/atmcs/exit.go:40.71,44.57 2 1
github.com/dragonzurfer/trader/atmcs/exit.go:53.2,53.27 1 1
github.com/dragonzurfer/trader/atmcs/exit.go:44.57,47.17 3 1
github.com/dragonzurfer/trader/atmcs/exit.go:50.3,50.54 1 1
github.com/dragonzurfer/trader/atmcs/exit.go:47.17,49.4 1 0
github.com/dragonzurfer/trader/atmcs/exit.go:56.102,61.50 4 1
github.com/dragonzurfer/trader/atmcs/exit.go:67.2,67.16 1 1
github.com/dragonzurfer/trader/atmcs/exit.go:71.2,72.45 2 1
github.com/dragonzurfer/trader/atmcs/exit.go:76.2,76.46 1 1
github.com/dragonzurfer/trader/atmcs/exit.go:80.2,80.23 1 1
github.com/dragonzurfer/trader/atmcs/exit.go:86.2,99.26 2 1
github.com/dragonzurfer/trader/atmcs/exit.go:61.50,63.3 1 1
github.com/dragonzurfer/trader/atmcs/exit.go:63.8,65.3 1 1
github.com/dragonzurfer/trader/atmcs/exit.go:67.16,69.3 1 0
github.com/dragonzurfer/trader/atmcs/exit.go:72.45,74.3 1 1
github.com/dragonzurfer/trader/atmcs/exit.go:76.46,78.3 1 1
github.com/dragonzurfer/trader/atmcs/exit.go:80.23,83.3 1 0
github.com/dragonzurfer/trader/atmcs/exit.go:102.72,103.31 1 1
github.com/dragonzurfer/trader/atmcs/exit.go:103.31,105.3 1 1
github.com/dragonzurfer/trader/atmcs/exit.go:105.8,105.39 1 1
github.com/dragonzurfer/trader/atmcs/exit.go:105.39,107.3 1 1
github.com/dragonzurfer/trader/atmcs/exit.go:107.8,109.3 1 0
github.com/dragonzurfer/trader/atmcs/housekeeping.go:8.44,11.2 2 1
github.com/dragonzurfer/trader/atmcs/housekeeping.go:13.43,16.2 2 1
github.com/dragonzurfer/trader/atmcs/housekeeping.go:18.37,32.42 6 1
github.com/dragonzurfer/trader/atmcs/housekeeping.go:44.2,47.49 3 1
github.com/dragonzurfer/trader/atmcs/housekeeping.go:32.42,42.3 2 1
github.com/dragonzurfer/trader/atmcs/housekeeping.go:50.36,55.41 4 1
github.com/dragonzurfer/trader/atmcs/housekeeping.go:67.2,70.48 3 1
github.com/dragonzurfer/trader/atmcs/housekeeping.go:55.41,65.3 2 1
github.com/dragonzurfer/trader/atmcs/housekeeping.go:73.47,77.33 3 0
github.com/dragonzurfer/trader/atmcs/housekeeping.go:93.2,93.21 1 0
github.com/dragonzurfer/trader/atmcs/housekeeping.go:77.33,91.3 1 0
github.com/dragonzurfer/trader/atmcs/housekeeping.go:96.46,100.32 3 0
github.com/dragonzurfer/trader/atmcs/housekeeping.go:116.2,116.20 1 0
github.com/dragonzurfer/trader/atmcs/housekeeping.go:100.32,114.3 1 0
github.com/dragonzurfer/trader/atmcs/loadtradejson.go:11.40,16.16 3 0
github.com/dragonzurfer/trader/atmcs/loadtradejson.go:19.2,23.16 3 0
github.com/dragonzurfer/trader/atmcs/loadtradejson.go:28.2,29.16 2 0
github.com/dragonzurfer/trader/atmcs/loadtradejson.go:33.2,33.12 1 0
github.com/dragonzurfer/trader/atmcs/loadtradejson.go:16.16,18.3 1 0
github.com/dragonzurfer/trader/atmcs/loadtradejson.go:23.16,25.3 1 0
github.com/dragonzurfer/trader/atmcs/loadtradejson.go:29.16,31.3 1 0
github.com/dragonzurfer/trader/atmcs/loadtradejson.go:36.36,39.16 2 1
github.com/dragonzurfer/trader/atmcs/loadtradejson.go:44.2,48.16 3 1
github.com/dragonzurfer/trader/atmcs/loadtradejson.go:52.2,52.12 1 1
github.com/dragonzurfer/trader/atmcs/loadtradejson.go:39.16,41.3 1 0
github.com/dragonzurfer/trader/atmcs/loadtradejson.go:48.16,50.3 1 0
github.com/dragonzurfer/trader/atmcs/loadtradejson.go:55.34,57.2 1 1
github.com/dragonzurfer/trader/atmcs/satisfyexit.go:9.31,11.2 0 0
github.com/dragonzurfer/trader/atmcs/satisfyexit.go:13.49,14.19 1 1
github.com/dragonzurfer/trader/atmcs/satisfyexit.go:14.19,16.33 2 1
github.com/dragonzurfer/trader/atmcs/satisfyexit.go:25.3,25.37 1 1
github.com/dragonzurfer/trader/atmcs/satisfyexit.go:16.33,17.14 1 1
github.com/dragonzurfer/trader/atmcs/satisfyexit.go:20.4,23.10 4 1
github.com/dragonzurfer/trader/atmcs/satisfyexit.go:17.14,19.5 1 1
github.com/dragonzurfer/trader/atmcs/satisfyexit.go:25.37,26.14 1 1
github.com/dragonzurfer/trader/atmcs/satisfyexit.go:29.4,31.10 3 1
github.com/dragonzurfer/trader/atmcs/satisfyexit.go:26.14,28.5 1 1
github.com/dragonzurfer/trader/atmcs/satisfyexit.go:37.55,39.29 1 1
github.com/dragonzurfer/trader/atmcs/satisfyexit.go:45.2,45.14 1 0
github.com/dragonzurfer/trader/atmcs/satisfyexit.go:40.20,41.46 1 1
github.com/dragonzurfer/trader/atmcs/satisfyexit.go:42.21,43.46 1 0
github.com/dragonzurfer/trader/atmcs/satisfyexit.go:48.59,49.29 1 1
github.com/dragonzurfer/trader/atmcs/satisfyexit.go:55.2,56.14 2 0
github.com/dragonzurfer/trader/atmcs/satisfyexit.go:50.20,51.44 1 1
github.com/dragonzurfer/trader/atmcs/satisfyexit.go:52.21,53.44 1 0
github.com/dragonzurfer/trader/atmcs/satisfyexit.go:59.50,62.41 2 1
github.com/dragonzurfer/trader/atmcs/satisfyexit.go:74.2,74.56 1 1
github.com/dragonzurfer/trader/atmcs/satisfyexit.go:62.41,64.39 1 1
github.com/dragonzurfer/trader/atmcs/satisfyexit.go:64.39,66.4 1 1
github.com/dragonzurfer/trader/atmcs/satisfyexit.go:67.8,67.49 1 0
github.com/dragonzurfer/trader/atmcs/satisfyexit.go:67.49,69.39 1 0
github.com/dragonzurfer/trader/atmcs/satisfyexit.go:69.39,71.4 1 0
github.com/dragonzurfer/trader/atmcs/satisfyexit.go:74.56,75.31 1 1
github.com/dragonzurfer/trader/atmcs/satisfyexit.go:75.31,78.14 3 1
github.com/dragonzurfer/trader/atmcs/satisfyexit.go:78.14,80.5 1 1
github.com/dragonzurfer/trader/atmcs/atmcs.go:50.60,53.16 3 1
github.com/dragonzurfer/trader/atmcs/atmcs.go:57.2,58.16 2 1
github.com/dragonzurfer/trader/atmcs/atmcs.go:62.2,63.12 2 1
github.com/dragonzurfer/trader/atmcs/atmcs.go:53.16,55.3 1 0
github.com/dragonzurfer/trader/atmcs/atmcs.go:58.16,60.3 1 0
github.com/dragonzurfer/trader/atmcs/atmcs.go:66.48,71.16 3 1
github.com/dragonzurfer/trader/atmcs/atmcs.go:76.2,77.16 2 1
github.com/dragonzurfer/trader/atmcs/atmcs.go:81.2,82.12 2 1
github.com/dragonzurfer/trader/atmcs/atmcs.go:71.16,73.3 1 0
github.com/dragonzurfer/trader/atmcs/atmcs.go:77.16,79.3 1 0
github.com/dragonzurfer/trader/atmcs/atmcs.go:85.57,87.2 1 1
github.com/dragonzurfer/trader/atmcs/atmcs.go:89.53,91.2 1 1
github.com/dragonzurfer/trader/atmcs/atmcs.go:93.57,95.2 1 1
github.com/dragonzurfer/trader/atmcs/atmcs.go:97.42,102.41 4 1
github.com/dragonzurfer/trader/atmcs/atmcs.go:105.2,105.14 1 1
github.com/dragonzurfer/trader/atmcs/atmcs.go:102.41,104.3 1 1
github.com/dragonzurfer/trader/atmcs/atmcs.go:108.34,110.2 1 0
github.com/dragonzurfer/trader/atmcs/atmcs.go:111.41,113.2 1 0
github.com/dragonzurfer/trader/atmcs/atmcs.go:114.52,116.2 1 1
github.com/dragonzurfer/trader/atmcs/atmcs.go:118.40,122.2 3 1
github.com/dragonzurfer/trader/atmcs/atmcs.go:124.40,126.16 2 1
github.com/dragonzurfer/trader/atmcs/atmcs.go:131.2,133.16 3 1
github.com/dragonzurfer/trader/atmcs/atmcs.go:137.2,138.12 2 1
github.com/dragonzurfer/trader/atmcs/atmcs.go:126.16,129.3 2 0
github.com/dragonzurfer/trader/atmcs/atmcs.go:133.16,136.3 2 0
github.com/dragonzurfer/trader/atmcs/atmcs.go:141.53,143.2 0 0
github.com/dragonzurfer/trader/atmcs/atmcs.go:145.53,147.2 1 1
github.com/dragonzurfer/trader/atmcs/atmcs.go:149.52,151.2 1 1
github.com/dragonzurfer/trader/atmcs/atmcs.go:153.50,155.2 1 1
github.com/dragonzurfer/trader/atmcs/atmcs.go:157.46,159.2 1 1
github.com/dragonzurfer/trader/atmcs/atmcs.go:161.76,165.51 3 1
github.com/dragonzurfer/trader/atmcs/atmcs.go:169.2,169.43 1 1
github.com/dragonzurfer/trader/atmcs/atmcs.go:173.2,173.43 1 1
github.com/dragonzurfer/trader/atmcs/atmcs.go:177.2,177.32 1 1
github.com/dragonzurfer/trader/atmcs/atmcs.go:181.2,181.66 1 1
github.com/dragonzurfer/trader/atmcs/atmcs.go:185.2,186.33 2 1
github.com/dragonzurfer/trader/atmcs/atmcs.go:193.2,199.13 7 1
github.com/dragonzurfer/trader/atmcs/atmcs.go:165.51,168.3 2 0
github.com/dragonzurfer/trader/atmcs/atmcs.go:169.43,172.3 2 0
github.com/dragonzurfer/trader/atmcs/atmcs.go:173.43,176.3 2 0
github.com/dragonzurfer/trader/atmcs/atmcs.go:177.32,180.3 2 0
github.com/dragonzurfer/trader/atmcs/atmcs.go:181.66,184.3 2 0
github.com/dragonzurfer/trader/atmcs/atmcs.go:186.33,187.44 1 0
github.com/dragonzurfer/trader/atmcs/atmcs.go:187.44,190.4 2 0
github.com/dragonzurfer/trader/atmcs/candleadapter.go:16.48,18.2 1 1
github.com/dragonzurfer/trader/atmcs/candleadapter.go:20.47,22.2 1 1
github.com/dragonzurfer/trader/atmcs/candleadapter.go:24.49,26.2 1 1
github.com/dragonzurfer/trader/atmcs/candleadapter.go:28.48,30.2 1 0
github.com/dragonzurfer/trader/atmcs/candleadapter.go:32.77,34.2 1 1
github.com/dragonzurfer/trader/atmcs/candleadapter.go:36.66,38.2 1 1
github.com/dragonzurfer/trader/atmcs/candleadapter.go:40.49,42.2 1 1
github.com/dragonzurfer/trader/atmcs/candleadapter.go:44.69,48.2 1 1
github.com/dragonzurfer/trader/atmcs/entry.go:16.60,22.2 5 1
github.com/dragonzurfer/trader/atmcs/entry.go:24.91,27.16 2 1
github.com/dragonzurfer/trader/atmcs/entry.go:32.2,35.16 3 1
github.com/dragonzurfer/trader/atmcs/entry.go:40.2,41.16 2 1
github.com/dragonzurfer/trader/atmcs/entry.go:46.2,47.16 2 1
github.com/dragonzurfer/trader/atmcs/entry.go:52.2,57.31 5 1
github.com/dragonzurfer/trader/atmcs/entry.go:64.2,65.16 2 1
github.com/dragonzurfer/trader/atmcs/entry.go:69.2,70.16 2 1
github.com/dragonzurfer/trader/atmcs/entry.go:74.2,77.23 4 1
github.com/dragonzurfer/trader/atmcs/entry.go:27.16,30.3 2 0
github.com/dragonzurfer/trader/atmcs/entry.go:35.16,38.3 2 0
github.com/dragonzurfer/trader/atmcs/entry.go:41.16,44.3 2 0
github.com/dragonzurfer/trader/atmcs/entry.go:47.16,50.3 2 0
github.com/dragonzurfer/trader/atmcs/entry.go:57.31,60.3 2 1
github.com/dragonzurfer/trader/atmcs/entry.go:60.8,63.3 2 1
github.com/dragonzurfer/trader/atmcs/entry.go:65.16,68.3 2 0
github.com/dragonzurfer/trader/atmcs/entry.go:70.16,73.3 2 0
github.com/dragonzurfer/trader/atmcs/entry.go:80.191,94.2 3 1
github.com/dragonzurfer/trader/atmcs/entry.go:96.90,97.21 1 1
github.com/dragonzurfer/trader/atmcs/entry.go:101.2,103.36 3 1
github.com/dragonzurfer/trader/atmcs/entry.go:109.2,109.28 1 1
github.com/dragonzurfer/trader/atmcs/entry.go:113.2,115.29 3 1
github.com/dragonzurfer/trader/atmcs/entry.go:118.2,120.40 3 1
github.com/dragonzurfer/trader/atmcs/entry.go:97.21,99.3 1 0
github.com/dragonzurfer/trader/atmcs/entry.go:103.36,107.3 3 1
github.com/dragonzurfer/trader/atmcs/entry.go:109.28,111.3 1 0
github.com/dragonzurfer/trader/atmcs/entry.go:115.29,117.3 1 1
github.com/dragonzurfer/trader/atmcs/entry.go:123.104,125.16 2 1
github.com/dragonzurfer/trader/atmcs/entry.go:128.2,128.31 1 1
github.com/dragonzurfer/trader/atmcs/entry.go:125.16,127.3 1 0
github.com/dragonzurfer/trader/atmcs/entry.go:131.104,133.16 2 1
github.com/dragonzurfer/trader/atmcs/entry.go:136.2,136.31 1 1
github.com/dragonzurfer/trader/atmcs/entry.go:133.16,135.3 1 0
github.com/dragonzurfer/trader/atmcs/entry.go:139.131,144.34 5 1
github.com/dragonzurfer/trader/atmcs/entry.go:152.2,152.16 1 1
github.com/dragonzurfer/trader/atmcs/entry.go:156.2,156.28 1 1
github.com/dragonzurfer/trader/atmcs/entry.go:144.34,146.56 2 1
github.com/dragonzurfer/trader/atmcs/entry.go:146.56,150.4 3 1
github.com/dragonzurfer/trader/atmcs/entry.go:152.16,154.3 1 0
github.com/dragonzurfer/trader/atmcs/entry.go:159.135,169.20 7 1
github.com/dragonzurfer/trader/atmcs/entry.go:173.2,173.34 1 1
github.com/dragonzurfer/trader/atmcs/entry.go:190.2,190.23 1 1
github.com/dragonzurfer/trader/atmcs/entry.go:169.20,172.3 2 1
github.com/dragonzurfer/trader/atmcs/entry.go:173.34,174.42 1 1
github.com/dragonzurfer/trader/atmcs/entry.go:174.42,178.64 2 1
github.com/dragonzurfer/trader/atmcs/entry.go:178.64,181.5 2 1
github.com/dragonzurfer/trader/atmcs/entry.go:181.10,181.65 1 1
github.com/dragonzurfer/trader/atmcs/entry.go:181.65,184.5 2 1
github.com/dragonzurfer/trader/atmcs/entry.go:184.10,184.91 1 0
github.com/dragonzurfer/trader/atmcs/entry.go:184.91,185.10 1 0
github.com/dragonzurfer/trader/atmcs/entry.go:190.23,192.3 1 1
github.com/dragonzurfer/trader/atmcs/entry.go:192.8,192.27 1 1
github.com/dragonzurfer/trader/atmcs/entry.go:192.27,194.3 1 1
github.com/dragonzurfer/trader/atmcs/entry.go:194.8,196.3 1 0
github.com/dragonzurfer/trader/atmcs/entry.go:199.80,202.19 2 1
github.com/dragonzurfer/trader/atmcs/entry.go:214.2,214.27 1 0
github.com/dragonzurfer/trader/atmcs/entry.go:203.20,204.31 1 1
github.com/dragonzurfer/trader/atmcs/entry.go:207.3,207.28 1 0
github.com/dragonzurfer/trader/atmcs/entry.go:208.21,209.31 1 1
github.com/dragonzurfer/trader/atmcs/entry.go:212.3,212.28 1 1
github.com/dragonzurfer/trader/atmcs/entry.go:204.31,206.4 1 1
github.com/dragonzurfer/trader/atmcs/entry.go:209.31,211.4 1 0
github.com/dragonzurfer/trader/atmcs/entry.go:217.51,218.18 1 1
github.com/dragonzurfer/trader/atmcs/entry.go:221.2,222.16 2 1
github.com/dragonzurfer/trader/atmcs/entry.go:218.18,220.3 1 0
github.com/dragonzurfer/trader/atmcs/entry.go:225.42,228.21 3 1
github.com/dragonzurfer/trader/atmcs/entry.go:231.2,231.10 1 0
github.com/dragonzurfer/trader/atmcs/entry.go:228.21,230.3 1 1
github.com/dragonzurfer/trader/atmcs/entry.go:234.62,239.2 3 1
